{
  "RSpec": {
    "coverage": {
      "/Users/eduardomolinari/rails_apps/qgames/app/helpers/application_helper.rb": {
        "lines": [
          1,
          null
        ]
      },
      "/Users/eduardomolinari/rails_apps/qgames/app/models/death.rb": {
        "lines": [
          1,
          1,
          null,
          1,
          4330,
          4330,
          4330,
          null,
          null,
          null
        ]
      },
      "/Users/eduardomolinari/rails_apps/qgames/spec/models/game_spec.rb": {
        "lines": [
          1,
          null,
          1,
          6,
          null,
          1,
          2,
          2,
          2,
          2,
          2,
          null,
          null,
          9,
          null,
          9,
          9,
          9,
          9,
          null,
          9,
          9,
          9,
          9,
          null,
          9,
          9,
          9,
          9,
          null,
          1,
          8,
          null,
          8,
          8,
          8,
          8,
          null,
          null,
          null,
          1,
          1,
          1,
          null,
          null,
          null,
          1,
          1,
          1,
          null,
          null,
          null,
          1,
          1,
          1,
          1,
          null,
          null,
          null,
          null
        ]
      },
      "/Users/eduardomolinari/rails_apps/qgames/app/models/game.rb": {
        "lines": [
          1,
          1,
          null,
          1,
          113,
          113,
          113,
          113,
          113,
          null,
          null,
          null,
          1,
          22,
          null,
          null,
          null,
          1,
          151,
          null,
          null,
          1,
          43,
          297,
          43,
          null,
          null,
          null
        ]
      },
      "/Users/eduardomolinari/rails_apps/qgames/spec/models/player_spec.rb": {
        "lines": [
          1,
          null,
          1,
          3,
          null,
          1,
          2,
          2,
          null,
          null,
          4,
          4,
          null,
          4,
          4,
          4,
          null,
          null,
          4,
          4,
          4,
          null,
          4,
          4,
          null,
          4,
          4,
          4,
          null,
          4,
          4,
          null,
          1,
          3,
          3,
          null,
          3,
          3,
          null,
          3,
          3,
          null,
          null,
          3,
          3,
          3,
          null,
          3,
          3,
          null,
          null,
          null,
          1,
          1,
          null,
          1,
          null,
          null,
          null,
          null,
          null
        ]
      },
      "/Users/eduardomolinari/rails_apps/qgames/app/models/player.rb": {
        "lines": [
          1,
          1,
          null,
          1,
          121,
          121,
          null,
          null,
          1,
          2,
          null,
          null,
          null
        ]
      },
      "/Users/eduardomolinari/rails_apps/qgames/spec/models/session_spec.rb": {
        "lines": [
          1,
          null,
          1,
          8,
          null,
          8,
          8,
          8,
          null,
          null,
          8,
          8,
          8,
          null,
          8,
          8,
          8,
          null,
          null,
          1,
          7,
          null,
          7,
          7,
          7,
          null,
          null,
          5,
          null,
          1,
          2,
          2,
          2,
          2,
          null,
          null,
          1,
          1,
          1,
          null,
          null,
          1,
          2,
          2,
          null,
          1,
          1,
          null,
          null,
          null,
          null,
          null,
          1,
          2,
          2,
          2,
          2,
          null,
          1,
          1,
          null,
          null,
          null,
          null,
          null,
          null,
          null
        ]
      },
      "/Users/eduardomolinari/rails_apps/qgames/app/models/session.rb": {
        "lines": [
          1,
          1,
          null,
          1,
          574,
          574,
          574,
          574,
          null,
          574,
          null,
          null,
          null,
          1,
          258,
          null,
          null,
          1,
          2403,
          null,
          null
        ]
      },
      "/Users/eduardomolinari/rails_apps/qgames/spec/services/parse_qgame_spec.rb": {
        "lines": [
          1,
          null,
          1,
          11,
          null,
          1,
          2,
          2,
          null,
          null,
          1,
          2,
          2,
          null,
          null,
          1,
          2,
          1,
          null,
          1,
          null,
          null,
          null,
          null,
          2,
          null,
          null,
          1,
          2,
          1,
          1,
          null,
          null,
          null,
          2,
          null,
          null,
          1,
          2,
          2,
          2,
          null,
          null,
          1,
          2,
          1,
          1,
          1,
          null,
          null,
          1,
          3,
          3,
          null,
          2,
          1,
          1,
          1,
          null,
          null,
          null,
          null,
          null,
          null,
          null
        ]
      },
      "/Users/eduardomolinari/rails_apps/qgames/app/services/parse_qgame.rb": {
        "lines": [
          1,
          1,
          null,
          1,
          null,
          1,
          10,
          10,
          null,
          null,
          1,
          4,
          21224,
          21224,
          null,
          21224,
          null,
          84,
          null,
          800,
          null,
          4276,
          null,
          null,
          null,
          null,
          1,
          1,
          1,
          21,
          null,
          null,
          null,
          null,
          null,
          null,
          null,
          1,
          null,
          null,
          1,
          1,
          1,
          21,
          1069,
          106,
          106,
          21,
          null,
          null,
          null,
          1,
          null,
          null,
          1,
          1,
          1,
          21,
          null,
          125,
          125,
          null,
          125,
          null,
          null,
          1,
          null,
          null,
          1,
          9211,
          802,
          49,
          49,
          49,
          null,
          753,
          null,
          null,
          null,
          1,
          null,
          1,
          null,
          84,
          null,
          null,
          null,
          1,
          null,
          800,
          null,
          800,
          null,
          800,
          null,
          3656,
          500,
          null,
          null,
          null,
          1,
          4276,
          4276,
          4276,
          null,
          null,
          4276,
          4276,
          null,
          4276,
          4276,
          4276,
          4276,
          null,
          null,
          1,
          55616,
          null,
          null,
          1,
          800,
          800,
          800,
          null,
          null,
          1,
          4276,
          4276,
          4276,
          null,
          null,
          1,
          4276,
          4276,
          4276,
          null,
          null,
          1,
          4276,
          null,
          null,
          null
        ]
      }
    },
    "timestamp": 1712663276
  }
}
